2024-04-13 07:41:14,577 [INFO] Activator:176 - 


2024-04-13 07:41:14,581 [INFO] Activator:177 - !SESSION log4j initialized
2024-04-13 07:41:20,568 [INFO] LogOutputStream:77 - [STDOUT_REDIRECT] 
2024-04-13 07:41:21,795 [INFO] ApplicationProperties:184 - Using Application install path: /opt/st/stm32cubeide_1.15.0/plugins/com.st.stm32cube.common.mx_6.11.0.202403141607
2024-04-13 07:41:21,813 [INFO] DbMcusXml:78 - Set database path to: /opt/st/stm32cubeide_1.15.0/plugins/com.st.stm32cube.common.mx_6.11.0.202403141607//db//mcu/
2024-04-13 07:41:21,813 [INFO] ApiDb:274 - Set plugin database path to: /opt/st/stm32cubeide_1.15.0/plugins/com.st.stm32cube.common.mx_6.11.0.202403141607//db//plugins/boardmanager/
2024-04-13 07:41:21,813 [WARN] ApiDb:259 - Overriding images path with different value:  => /opt/st/stm32cubeide_1.15.0/plugins/com.st.stm32cube.common.mx_6.11.0.202403141607//db//plugins/mcufinder/images/
2024-04-13 07:41:21,823 [INFO] ApiDb:250 - Set database path to: /home/ubie/.stmcufinder/plugins/mcufinder//mcu/
2024-04-13 07:41:21,824 [INFO] DbMcusAds:125 - Set database path to: /home/ubie/.stmcufinder/plugins/mcufinder//mcu/
2024-04-13 07:41:21,826 [INFO] CrossReferenceDbSqlite:203 - Set database path to: /home/ubie/.stmcufinder/plugins/mcufinder//mcu/cs/
2024-04-13 07:41:21,981 [INFO] RulesReader:64 - Compatibility file has been processed (297 Rules)
2024-04-13 07:41:22,133 [INFO] DbMcusXml:78 - Set database path to: /opt/st/stm32cubeide_1.15.0/plugins/com.st.stm32cube.common.mx_6.11.0.202403141607//db//mcu/
2024-04-13 07:41:22,133 [INFO] ApiDb:274 - Set plugin database path to: /opt/st/stm32cubeide_1.15.0/plugins/com.st.stm32cube.common.mx_6.11.0.202403141607//db//plugins/boardmanager/
2024-04-13 07:41:22,134 [INFO] ApiDb:261 - Set plugin images path to: /opt/st/stm32cubeide_1.15.0/plugins/com.st.stm32cube.common.mx_6.11.0.202403141607//db//plugins/mcufinder/images/
2024-04-13 07:41:22,135 [WARN] DbFile:41 - Overriding database path with different value: /home/ubie/.stmcufinder/plugins/mcufinder/ => /home/ubie/.stmcufinder/plugins/mcufinder
2024-04-13 07:41:22,135 [INFO] ApiDb:250 - Set database path to: /home/ubie/.stmcufinder/plugins/mcufinder//mcu/
2024-04-13 07:41:22,135 [WARN] DbFile:41 - Overriding database path with different value: /home/ubie/.stmcufinder/plugins/mcufinder/ => /home/ubie/.stmcufinder/plugins/mcufinder
2024-04-13 07:41:22,135 [INFO] DbMcusAds:125 - Set database path to: /home/ubie/.stmcufinder/plugins/mcufinder//mcu/
2024-04-13 07:41:22,135 [WARN] DbFile:41 - Overriding database path with different value: /home/ubie/.stmcufinder/plugins/mcufinder/ => /home/ubie/.stmcufinder/plugins/mcufinder
2024-04-13 07:41:22,135 [WARN] DbFile:41 - Overriding database path with different value: /home/ubie/.stmcufinder/plugins/mcufinder/ => /home/ubie/.stmcufinder/plugins/mcufinder
2024-04-13 07:41:22,137 [INFO] CrossReferenceDbSqlite:203 - Set database path to: /home/ubie/.stmcufinder/plugins/mcufinder//mcu/cs/
2024-04-13 07:41:22,371 [INFO] MainPanel:264 - HeapMemory: 268435456
2024-04-13 07:41:22,585 [INFO] DbMcusXml:78 - Set database path to: /opt/st/stm32cubeide_1.15.0/plugins/com.st.stm32cube.common.mx_6.11.0.202403141607//db//mcu/
2024-04-13 07:41:22,585 [INFO] ApiDb:274 - Set plugin database path to: /opt/st/stm32cubeide_1.15.0/plugins/com.st.stm32cube.common.mx_6.11.0.202403141607//db//plugins/boardmanager/
2024-04-13 07:41:22,585 [INFO] ApiDb:261 - Set plugin images path to: /opt/st/stm32cubeide_1.15.0/plugins/com.st.stm32cube.common.mx_6.11.0.202403141607//db//plugins/mcufinder/images/
2024-04-13 07:41:22,586 [WARN] DbFile:41 - Overriding database path with different value: /home/ubie/.stmcufinder/plugins/mcufinder/ => /home/ubie/.stmcufinder/plugins/mcufinder
2024-04-13 07:41:22,586 [INFO] ApiDb:250 - Set database path to: /home/ubie/.stmcufinder/plugins/mcufinder//mcu/
2024-04-13 07:41:22,586 [WARN] DbFile:41 - Overriding database path with different value: /home/ubie/.stmcufinder/plugins/mcufinder/ => /home/ubie/.stmcufinder/plugins/mcufinder
2024-04-13 07:41:22,586 [INFO] DbMcusAds:125 - Set database path to: /home/ubie/.stmcufinder/plugins/mcufinder//mcu/
2024-04-13 07:41:22,586 [WARN] DbFile:41 - Overriding database path with different value: /home/ubie/.stmcufinder/plugins/mcufinder/ => /home/ubie/.stmcufinder/plugins/mcufinder
2024-04-13 07:41:22,587 [WARN] DbFile:41 - Overriding database path with different value: /home/ubie/.stmcufinder/plugins/mcufinder/ => /home/ubie/.stmcufinder/plugins/mcufinder
2024-04-13 07:41:22,587 [INFO] CrossReferenceDbSqlite:203 - Set database path to: /home/ubie/.stmcufinder/plugins/mcufinder//mcu/cs/
2024-04-13 07:41:22,627 [INFO] ApplicationProperties:184 - Using Application install path: /opt/st/stm32cubeide_1.15.0/plugins/com.st.stm32cube.common.mx_6.11.0.202403141607
2024-04-13 07:41:22,629 [INFO] PluginManage:196 - Search for loadable plugins [exclusion list=, ]
2024-04-13 07:41:22,633 [INFO] PluginManage:310 - Check plugin analytics
2024-04-13 07:41:22,952 [INFO] AnalyticsPlugin:253 - Accepted Software Licenses: 
2024-04-13 07:41:22,953 [INFO] AnalyticsPlugin:255 - Accepted CMSIS Pack Licenses: 
2024-04-13 07:41:22,953 [INFO] AnalyticsPlugin:257 - Accepted Firmware Licenses: 
2024-04-13 07:41:22,976 [INFO] PluginManage:359 - Loaded plugin analytics (category:tool,tabindex:-1)
2024-04-13 07:41:22,977 [INFO] PluginManage:310 - Check plugin cadmodel
2024-04-13 07:41:23,027 [INFO] CADModel:105 - Init CAD model plugin
2024-04-13 07:41:23,027 [INFO] PluginManage:359 - Loaded plugin cadmodel (category:power,tabindex:5)
2024-04-13 07:41:23,028 [INFO] PluginManage:310 - Check plugin clock
2024-04-13 07:41:23,045 [INFO] PluginManage:359 - Loaded plugin clock (category:base,tabindex:2)
2024-04-13 07:41:23,046 [INFO] PluginManage:310 - Check plugin ddr
2024-04-13 07:41:23,050 [INFO] PluginManage:359 - Loaded plugin ddr (category:tool,tabindex:6)
2024-04-13 07:41:23,050 [INFO] PluginManage:310 - Check plugin filemanager
2024-04-13 07:41:23,327 [INFO] PluginManage:359 - Loaded plugin filemanager (category:base,tabindex:10)
2024-04-13 07:41:23,328 [INFO] PluginManage:310 - Check plugin ipmanager
2024-04-13 07:41:23,335 [INFO] PluginManage:359 - Loaded plugin ipmanager (category:base,tabindex:5)
2024-04-13 07:41:23,335 [INFO] PluginManage:310 - Check plugin lpbam
2024-04-13 07:41:23,352 [INFO] PluginManage:359 - Loaded plugin lpbam (category:base,tabindex:0)
2024-04-13 07:41:23,353 [INFO] PluginManage:310 - Check plugin memorymap
2024-04-13 07:41:23,374 [INFO] PluginManage:359 - Loaded plugin memorymap (category:base,tabindex:4)
2024-04-13 07:41:23,374 [INFO] PluginManage:310 - Check plugin pinoutandconfiguration
2024-04-13 07:41:23,387 [INFO] PluginManage:359 - Loaded plugin pinoutandconfiguration (category:base,tabindex:1)
2024-04-13 07:41:23,387 [INFO] PluginManage:310 - Check plugin pinoutconfig
2024-04-13 07:41:23,518 [WARN] SupportedApi:132 - Cannot load RTOS API schema: s4s-elt-must-match.1: The content of 'definitions' must match (annotation?, (simpleType | complexType)?, (unique | key | keyref)*)). A problem was found starting at: attribute.
2024-04-13 07:41:23,791 [INFO] PluginManage:359 - Loaded plugin pinoutconfig (category:base,tabindex:0)
2024-04-13 07:41:23,791 [INFO] PluginManage:310 - Check plugin power
2024-04-13 07:41:23,824 [INFO] PluginManage:359 - Loaded plugin power (category:power,tabindex:4)
2024-04-13 07:41:23,825 [INFO] PluginManage:310 - Check plugin projectmanager
2024-04-13 07:41:23,876 [INFO] PluginManage:359 - Loaded plugin projectmanager (category:projectmanager,tabindex:3)
2024-04-13 07:41:23,876 [INFO] PluginManage:310 - Check plugin thirdparty
2024-04-13 07:41:24,163 [INFO] PluginManage:359 - Loaded plugin thirdparty (category:base,tabindex:-1)
2024-04-13 07:41:24,164 [INFO] PluginManage:310 - Check plugin tools
2024-04-13 07:41:24,166 [INFO] PluginManage:359 - Loaded plugin tools (category:base,tabindex:7)
2024-04-13 07:41:24,167 [INFO] PluginManage:310 - Check plugin tutovideos
2024-04-13 07:41:24,167 [WARN] IntegrityCheckThread:84 - waiting for thirdparty lock release [integrity check]
2024-04-13 07:41:24,170 [INFO] IntegrityCheckThread:86 - entering critical section [integrity check]
2024-04-13 07:41:24,171 [INFO] ThirdPartyUpdaterWithRetryManager:70 - Updater plugin not ready yet. [1/15]
2024-04-13 07:41:24,463 [INFO] PluginManage:359 - Loaded plugin tutovideos (category:base,tabindex:-1)
2024-04-13 07:41:24,464 [INFO] PluginManage:310 - Check plugin updater
2024-04-13 07:41:24,477 [INFO] PluginManage:359 - Loaded plugin updater (category:base,tabindex:12)
2024-04-13 07:41:24,477 [INFO] PluginManage:310 - Check plugin userauth
2024-04-13 07:41:24,488 [INFO] UserAuth:114 - Init User Auth plugin
2024-04-13 07:41:24,488 [INFO] PluginManage:359 - Loaded plugin userauth (category:base,tabindex:14)
2024-04-13 07:41:24,489 [INFO] PluginManage:283 - PluginManage : Loaded plugins [17]
2024-04-13 07:41:24,714 [INFO] PinOutPanel:1561 - setPackage(No Configuration,No Configuration)
2024-04-13 07:41:24,782 [INFO] CADModel:165 - CPN selected for project level
2024-04-13 07:41:24,782 [INFO] CADModel:114 - Register for checkConnection events
2024-04-13 07:41:24,794 [INFO] IPUIPlugin:80 - create IPUIPlugin
2024-04-13 07:41:24,794 [INFO] PluginManager:220 - loadIPPluginJar : add comp
2024-04-13 07:41:24,800 [INFO] IPUIPlugin:80 - create IPUIPlugin
2024-04-13 07:41:24,800 [INFO] PluginManager:220 - loadIPPluginJar : add touchsensing
2024-04-13 07:41:24,803 [INFO] IPUIPlugin:80 - create IPUIPlugin
2024-04-13 07:41:24,803 [INFO] PluginManager:220 - loadIPPluginJar : add dfsdm
2024-04-13 07:41:24,810 [INFO] IPUIPlugin:80 - create IPUIPlugin
2024-04-13 07:41:24,811 [INFO] PluginManager:220 - loadIPPluginJar : add dma
2024-04-13 07:41:24,814 [INFO] IPUIPlugin:80 - create IPUIPlugin
2024-04-13 07:41:24,814 [INFO] PluginManager:220 - loadIPPluginJar : add gtzc
2024-04-13 07:41:24,819 [INFO] IPUIPlugin:80 - create IPUIPlugin
2024-04-13 07:41:24,819 [INFO] PluginManager:220 - loadIPPluginJar : add nvic
2024-04-13 07:41:24,823 [INFO] IPUIPlugin:80 - create IPUIPlugin
2024-04-13 07:41:24,823 [INFO] PluginManager:220 - loadIPPluginJar : add pdm2pcm
2024-04-13 07:41:24,830 [INFO] IPUIPlugin:80 - create IPUIPlugin
2024-04-13 07:41:24,830 [INFO] PluginManager:220 - loadIPPluginJar : add freertos
2024-04-13 07:41:24,833 [INFO] IPUIPlugin:80 - create IPUIPlugin
2024-04-13 07:41:24,833 [INFO] PluginManager:220 - loadIPPluginJar : add extmemmanager
2024-04-13 07:41:24,841 [INFO] IPUIPlugin:80 - create IPUIPlugin
2024-04-13 07:41:24,844 [INFO] PluginManager:220 - loadIPPluginJar : add plateformsettings
2024-04-13 07:41:24,853 [INFO] IPUIPlugin:80 - create IPUIPlugin
2024-04-13 07:41:24,853 [INFO] PluginManager:220 - loadIPPluginJar : add adc
2024-04-13 07:41:24,856 [INFO] IPUIPlugin:80 - create IPUIPlugin
2024-04-13 07:41:24,856 [INFO] PluginManager:220 - loadIPPluginJar : add openamp
2024-04-13 07:41:24,860 [INFO] IPUIPlugin:80 - create IPUIPlugin
2024-04-13 07:41:24,860 [INFO] PluginManager:220 - loadIPPluginJar : add can
2024-04-13 07:41:24,863 [INFO] IPUIPlugin:80 - create IPUIPlugin
2024-04-13 07:41:24,863 [INFO] PluginManager:220 - loadIPPluginJar : add lorawan
2024-04-13 07:41:24,866 [INFO] IPUIPlugin:80 - create IPUIPlugin
2024-04-13 07:41:24,866 [INFO] PluginManager:220 - loadIPPluginJar : add aes
2024-04-13 07:41:24,870 [INFO] IPUIPlugin:80 - create IPUIPlugin
2024-04-13 07:41:24,870 [INFO] PluginManager:220 - loadIPPluginJar : add sai
2024-04-13 07:41:24,874 [INFO] IPUIPlugin:80 - create IPUIPlugin
2024-04-13 07:41:24,874 [INFO] PluginManager:220 - loadIPPluginJar : add usbx
2024-04-13 07:41:24,876 [INFO] IPUIPlugin:80 - create IPUIPlugin
2024-04-13 07:41:24,877 [INFO] PluginManager:220 - loadIPPluginJar : add hash
2024-04-13 07:41:24,880 [INFO] IPUIPlugin:80 - create IPUIPlugin
2024-04-13 07:41:24,880 [INFO] PluginManager:220 - loadIPPluginJar : add gfxmmu
2024-04-13 07:41:24,885 [INFO] IPUIPlugin:80 - create IPUIPlugin
2024-04-13 07:41:24,886 [INFO] PluginManager:220 - loadIPPluginJar : add fmc
2024-04-13 07:41:24,888 [INFO] IPUIPlugin:80 - create IPUIPlugin
2024-04-13 07:41:24,888 [INFO] PluginManager:220 - loadIPPluginJar : add ucpd
2024-04-13 07:41:24,890 [INFO] IPUIPlugin:80 - create IPUIPlugin
2024-04-13 07:41:24,890 [INFO] PluginManager:220 - loadIPPluginJar : add ts
2024-04-13 07:41:24,893 [INFO] IPUIPlugin:80 - create IPUIPlugin
2024-04-13 07:41:24,893 [INFO] PluginManager:220 - loadIPPluginJar : add quadspi
2024-04-13 07:41:24,902 [INFO] IPUIPlugin:80 - create IPUIPlugin
2024-04-13 07:41:24,902 [INFO] PluginManager:220 - loadIPPluginJar : add mdma
2024-04-13 07:41:24,905 [INFO] IPUIPlugin:80 - create IPUIPlugin
2024-04-13 07:41:24,905 [INFO] PluginManager:220 - loadIPPluginJar : add i2s
2024-04-13 07:41:24,915 [INFO] IPUIPlugin:80 - create IPUIPlugin
2024-04-13 07:41:24,915 [INFO] PluginManager:220 - loadIPPluginJar : add linkedlist
2024-04-13 07:41:24,917 [INFO] IPUIPlugin:80 - create IPUIPlugin
2024-04-13 07:41:24,917 [INFO] PluginManager:220 - loadIPPluginJar : add tracer_emb
2024-04-13 07:41:24,922 [INFO] IPUIPlugin:80 - create IPUIPlugin
2024-04-13 07:41:24,922 [INFO] PluginManager:220 - loadIPPluginJar : add ipddr
2024-04-13 07:41:24,927 [INFO] IPUIPlugin:80 - create IPUIPlugin
2024-04-13 07:41:24,928 [INFO] PluginManager:220 - loadIPPluginJar : add dma3
2024-04-13 07:41:24,931 [INFO] IPUIPlugin:80 - create IPUIPlugin
2024-04-13 07:41:24,931 [INFO] PluginManager:220 - loadIPPluginJar : add spi
2024-04-13 07:41:24,938 [INFO] IPUIPlugin:80 - create IPUIPlugin
2024-04-13 07:41:24,939 [INFO] PluginManager:220 - loadIPPluginJar : add stm32_wpan
2024-04-13 07:41:24,943 [INFO] IPUIPlugin:80 - create IPUIPlugin
2024-04-13 07:41:24,943 [INFO] PluginManager:220 - loadIPPluginJar : add i3c
2024-04-13 07:41:24,946 [INFO] IPUIPlugin:80 - create IPUIPlugin
2024-04-13 07:41:24,947 [INFO] PluginManager:220 - loadIPPluginJar : add opamp
2024-04-13 07:41:24,954 [INFO] IPUIPlugin:80 - create IPUIPlugin
2024-04-13 07:41:24,954 [INFO] PluginManager:220 - loadIPPluginJar : add gpio
2024-04-13 07:41:24,958 [INFO] IPUIPlugin:80 - create IPUIPlugin
2024-04-13 07:41:24,958 [INFO] PluginManager:220 - loadIPPluginJar : add cryp
2024-04-13 07:41:24,960 [INFO] IPUIPlugin:80 - create IPUIPlugin
2024-04-13 07:41:24,960 [INFO] PluginManager:220 - loadIPPluginJar : add tsc
2024-04-13 07:41:24,968 [INFO] IPUIPlugin:80 - create IPUIPlugin
2024-04-13 07:41:24,969 [INFO] PluginManager:220 - loadIPPluginJar : add gic
2024-04-13 07:41:24,973 [INFO] IPUIPlugin:80 - create IPUIPlugin
2024-04-13 07:41:24,973 [INFO] PluginManager:220 - loadIPPluginJar : add i2c
2024-04-13 07:41:24,976 [INFO] IPUIPlugin:80 - create IPUIPlugin
2024-04-13 07:41:24,976 [INFO] PluginManager:220 - loadIPPluginJar : add tim
2024-04-13 07:41:24,978 [INFO] IPUIPlugin:80 - create IPUIPlugin
2024-04-13 07:41:24,978 [INFO] PluginManager:220 - loadIPPluginJar : add fatfs
2024-04-13 07:41:24,981 [INFO] IPUIPlugin:80 - create IPUIPlugin
2024-04-13 07:41:24,981 [INFO] PluginManager:220 - loadIPPluginJar : add usart
2024-04-13 07:41:24,983 [INFO] IPUIPlugin:80 - create IPUIPlugin
2024-04-13 07:41:24,984 [INFO] PluginManager:220 - loadIPPluginJar : add ltdc
2024-04-13 07:41:24,985 [INFO] IPUIPlugin:80 - create IPUIPlugin
2024-04-13 07:41:24,986 [INFO] PluginManager:220 - loadIPPluginJar : add genericplugin
2024-04-13 07:41:24,991 [INFO] IPUIPlugin:80 - create IPUIPlugin
2024-04-13 07:41:24,993 [INFO] PluginManager:220 - loadIPPluginJar : add resmgrutility
2024-04-13 07:41:25,111 [INFO] CADModel:165 - CPN selected for project level
2024-04-13 07:41:25,112 [INFO] CADModel:114 - Register for checkConnection events
2024-04-13 07:41:25,112 [FATAL] Updater:308 - Updater called before beeing initialized
2024-04-13 07:41:25,112 [ERROR] CADModel:125 - Updater not yet initialized, retry later 
2024-04-13 07:41:25,254 [INFO] CADModel:165 - CPN selected for project level
2024-04-13 07:41:25,254 [INFO] CADModel:114 - Register for checkConnection events
2024-04-13 07:41:25,254 [FATAL] Updater:308 - Updater called before beeing initialized
2024-04-13 07:41:25,254 [ERROR] CADModel:125 - Updater not yet initialized, retry later 
2024-04-13 07:41:25,257 [FATAL] Updater:308 - Updater called before beeing initialized
2024-04-13 07:41:25,350 [FATAL] Updater:308 - Updater called before beeing initialized
2024-04-13 07:41:25,355 [INFO] DbMcusAds:53 - JSON generation date=Wed Nov 29 16:22:27 IST 2023 (1701255147349)
2024-04-13 07:41:25,355 [FATAL] Updater:308 - Updater called before beeing initialized
2024-04-13 07:41:25,399 [WARN] DetailPanel:346 - Failed to get advertising image, set to default
2024-04-13 07:41:25,485 [FATAL] Updater:308 - Updater called before beeing initialized
2024-04-13 07:41:25,487 [FATAL] Updater:308 - Updater called before beeing initialized
2024-04-13 07:41:25,487 [FATAL] Updater:308 - Updater called before beeing initialized
2024-04-13 07:41:25,487 [WARN] DetailPanel:346 - Failed to get advertising image, set to default
2024-04-13 07:41:25,488 [FATAL] Updater:308 - Updater called before beeing initialized
2024-04-13 07:41:25,531 [ERROR] Updater:1120 - MainUpdater not yet initialized. External WinMGr cannot be set.
2024-04-13 07:41:25,532 [INFO] Updater:1056 - Updater Version found : 6.11.0
2024-04-13 07:41:25,551 [INFO] ApplicationProperties:184 - Using Application install path: /opt/st/stm32cubeide_1.15.0/plugins/com.st.stm32cube.common.mx_6.11.0.202403141607
2024-04-13 07:41:26,690 [INFO] MainUpdater:2873 - connection check result : 10
2024-04-13 07:41:26,691 [INFO] MainUpdater:290 - Updater Check For Update Now.
2024-04-13 07:41:26,692 [INFO] MicroXplorer:498 - Change Database Version : DB.6.0.110
2024-04-13 07:41:26,714 [INFO] McuFinderGlobals:63 - Set McuFinder mode to 2 (CubeIDE integrated)
2024-04-13 07:41:26,715 [INFO] UserAuth:179 - activating auth plugin
2024-04-13 07:41:26,719 [INFO] UserAuth:415 - Internet connection configuration mode: 1
2024-04-13 07:41:26,753 [INFO] JxBrowserEngine:152 - Initiate JxBrowser Engine with user profile folder
2024-04-13 07:41:26,915 [INFO] CheckServerUpdateThread:120 - End of CheckServer Thread
2024-04-13 07:41:27,320 [WARN] PackLoader:240 - Cannot read IP mode file for STMicroelectronics.X-CUBE-SMBUS.2.1.0
2024-04-13 07:41:27,342 [WARN] PackLoader:240 - Cannot read IP mode file for STMicroelectronics.X-CUBE-TOUCHGFX.4.23.2
2024-04-13 07:41:27,404 [WARN] PackLoader:240 - Cannot read IP mode file for STMicroelectronics.X-CUBE-AZRTOS-F7.1.1.0
2024-04-13 07:41:27,427 [WARN] PackLoader:240 - Cannot read IP mode file for STMicroelectronics.FP-SNS-MOTENV1.4.3.2
2024-04-13 07:41:27,444 [WARN] PackLoader:240 - Cannot read IP mode file for STMicroelectronics.FP-SNS-FLIGHT1.5.0.2
2024-04-13 07:41:27,457 [WARN] PackLoader:240 - Cannot read IP mode file for STMicroelectronics.X-CUBE-DISPLAY.3.0.0
2024-04-13 07:41:27,478 [WARN] PackLoader:240 - Cannot read IP mode file for STMicroelectronics.X-CUBE-BLE1.7.0.0
2024-04-13 07:41:27,490 [WARN] PackLoader:240 - Cannot read IP mode file for emotas.I-CUBE-CANOPEN.1.3.0
2024-04-13 07:41:27,516 [WARN] PackLoader:240 - Cannot read IP mode file for STMicroelectronics.X-CUBE-BLEMGR.3.1.0
2024-04-13 07:41:27,526 [WARN] PackLoader:240 - Cannot read IP mode file for STMicroelectronics.FP-SNS-SMARTAG2.1.2.0
2024-04-13 07:41:27,556 [INFO] LogOutputStream:77 - [STDOUT_REDIRECT] 1 : Invalid condition id : UX_CORESTACK_Condition cause : null
2024-04-13 07:41:27,556 [INFO] LogOutputStream:77 - [STDOUT_REDIRECT] 1 : Invalid condition id : UX_CORESTACK_Condition cause : null
2024-04-13 07:41:27,557 [INFO] LogOutputStream:77 - [STDOUT_REDIRECT] 1 : Invalid condition id : UX_CORESTACK_Condition cause : null
2024-04-13 07:41:27,557 [INFO] LogOutputStream:77 - [STDOUT_REDIRECT] 1 : Invalid condition id : UX_CORESTACK_Condition cause : null
2024-04-13 07:41:27,558 [INFO] LogOutputStream:77 - [STDOUT_REDIRECT] 1 : Invalid condition id : UX_CORESTACK_Condition cause : null
2024-04-13 07:41:27,565 [WARN] PackLoader:240 - Cannot read IP mode file for STMicroelectronics.X-CUBE-AZRTOS-WL.2.0.0
2024-04-13 07:41:27,593 [WARN] PackLoader:240 - Cannot read IP mode file for STMicroelectronics.FP-SNS-MOTENV1.5.0.0
2024-04-13 07:41:27,615 [WARN] PackLoader:240 - Cannot read IP mode file for WES.I-CUBE-Cesium.1.3.0
2024-04-13 07:41:27,625 [WARN] PackLoader:240 - Cannot read IP mode file for STMicroelectronics.X-CUBE-BLE2.3.3.0
2024-04-13 07:41:27,634 [WARN] PackLoader:240 - Cannot read IP mode file for STMicroelectronics.X-CUBE-TCPP.4.1.0
2024-04-13 07:41:27,697 [WARN] PackLoader:240 - Cannot read IP mode file for STMicroelectronics.X-CUBE-ALGOBUILD.1.3.0
2024-04-13 07:41:27,752 [WARN] PackLoader:240 - Cannot read IP mode file for STMicroelectronics.X-CUBE-AZRTOS-G0.1.1.0
2024-04-13 07:41:27,770 [WARN] PackLoader:240 - Cannot read IP mode file for STMicroelectronics.X-CUBE-SAFEA1.1.2.2
2024-04-13 07:41:27,781 [WARN] PackLoader:240 - Cannot read IP mode file for STMicroelectronics.X-CUBE-NFC4.3.0.0
2024-04-13 07:41:27,797 [WARN] PackLoader:240 - Cannot read IP mode file for wolfSSL.I-CUBE-wolfSSL.5.7.0
2024-04-13 07:41:27,807 [WARN] PackLoader:240 - Cannot read IP mode file for STMicroelectronics.FP-ATR-SIGFOX1.3.2.0
2024-04-13 07:41:27,817 [WARN] PackLoader:240 - Cannot read IP mode file for STMicroelectronics.X-CUBE-EEPRMA1.5.1.0
2024-04-13 07:41:27,831 [WARN] PackLoader:240 - Cannot read IP mode file for ITTIA_DB.I-CUBE-ITTIADB.8.9.0
2024-04-13 07:41:27,892 [WARN] PackLoader:240 - Cannot read IP mode file for SEGGER.I-CUBE-embOS.1.3.1
2024-04-13 07:41:27,991 [WARN] PackLoader:240 - Cannot read IP mode file for STMicroelectronics.X-CUBE-GNSS1.6.0.0
2024-04-13 07:41:28,019 [WARN] PackLoader:240 - Cannot read IP mode file for STMicroelectronics.X-CUBE-AZRTOS-F4.1.1.0
2024-04-13 07:41:28,064 [WARN] PackLoader:240 - Cannot read IP mode file for STMicroelectronics.X-CUBE-AZRTOS-L5.2.0.0
2024-04-13 07:41:28,088 [WARN] PackLoader:240 - Cannot read IP mode file for STMicroelectronics.X-CUBE-NFC6.3.1.0
2024-04-13 07:41:28,101 [WARN] PackLoader:240 - Cannot read IP mode file for STMicroelectronics.X-CUBE-NFC7.1.0.1
2024-04-13 07:41:28,112 [WARN] PackLoader:240 - Cannot read IP mode file for STMicroelectronics.X-CUBE-AI.8.1.0
2024-04-13 07:41:28,144 [WARN] ConditionMgr:438 - getConditionDescription Invalid condition id : LAN8742 Phy interface Condition cause : null
2024-04-13 07:41:28,145 [WARN] PackLoader:240 - Cannot read IP mode file for STMicroelectronics.X-CUBE-AZRTOS-L4.2.0.0
2024-04-13 07:41:28,147 [WARN] ConditionMgr:1039 - genDependencies : Invalid condition id : LAN8742 Phy interface Condition cause : null
2024-04-13 07:41:28,147 [WARN] ConditionMgr:1039 - genDependencies : Invalid condition id : LAN8742 Phy interface Condition cause : null
2024-04-13 07:41:28,148 [WARN] ConditionMgr:1039 - genDependencies : Invalid condition id : LAN8742 Phy interface Condition cause : null
2024-04-13 07:41:28,158 [WARN] PackLoader:240 - Cannot read IP mode file for STMicroelectronics.X-CUBE-SFXS2LP1.4.0.0
2024-04-13 07:41:28,177 [WARN] ConditionMgr:438 - getConditionDescription Invalid condition id : UX DEVICE CLASS RTOS Condition cause : null
2024-04-13 07:41:28,177 [WARN] ConditionMgr:438 - getConditionDescription Invalid condition id : UX DEVICE CLASS RTOS Condition cause : null
2024-04-13 07:41:28,181 [WARN] PackLoader:240 - Cannot read IP mode file for STMicroelectronics.X-CUBE-AZRTOS-WB.2.0.0
2024-04-13 07:41:28,182 [WARN] ConditionMgr:1039 - genDependencies : Invalid condition id : UX DEVICE CLASS RTOS Condition cause : null
2024-04-13 07:41:28,182 [WARN] ConditionMgr:1039 - genDependencies : Invalid condition id : UX DEVICE CLASS RTOS Condition cause : null
2024-04-13 07:41:28,183 [WARN] ConditionMgr:1039 - genDependencies : Invalid condition id : UX DEVICE CLASS RTOS Condition cause : null
2024-04-13 07:41:28,183 [WARN] ConditionMgr:1039 - genDependencies : Invalid condition id : UX DEVICE CLASS RTOS Condition cause : null
2024-04-13 07:41:28,183 [WARN] ConditionMgr:1039 - genDependencies : Invalid condition id : UX DEVICE CLASS RTOS Condition cause : null
2024-04-13 07:41:28,198 [WARN] PackLoader:240 - Cannot read IP mode file for STMicroelectronics.X-CUBE-SUBG2.5.0.0
2024-04-13 07:41:28,240 [INFO] WebApp:161 - Instantiating new browser for Auth
2024-04-13 07:41:28,251 [WARN] PackLoader:240 - Cannot read IP mode file for STMicroelectronics.X-CUBE-AZRTOS-G4.2.0.0
2024-04-13 07:41:28,265 [WARN] PackLoader:240 - Cannot read IP mode file for STMicroelectronics.FP-SNS-MOTENVWB1.1.3.1
2024-04-13 07:41:28,277 [WARN] PackLoader:240 - Cannot read IP mode file for STMicroelectronics.X-CUBE-ISPU.2.0.0
2024-04-13 07:41:28,356 [WARN] PackLoader:240 - Cannot read IP mode file for STMicroelectronics.X-CUBE-MEMS1.10.0.0
2024-04-13 07:41:28,659 [WARN] PackLoader:240 - Cannot read IP mode file for STMicroelectronics.X-CUBE-FREERTOS.1.1.0
2024-04-13 07:41:28,674 [WARN] PackLoader:240 - Cannot read IP mode file for portGmbH.I-Cube-SoM-uGOAL.1.1.0
2024-04-13 07:41:28,687 [WARN] PackLoader:240 - Cannot read IP mode file for STMicroelectronics.X-CUBE-ALS.1.0.1
2024-04-13 07:41:28,694 [WARN] PackLoader:240 - Cannot read IP mode file for STMicroelectronics.FP-ATR-ASTRA1.2.0.0
2024-04-13 07:41:28,733 [WARN] PackLoader:240 - Cannot read IP mode file for STMicroelectronics.X-CUBE-TOF1.3.4.1
2024-04-13 07:41:28,803 [WARN] PackLoader:240 - Cannot read IP mode file for STMicroelectronics.X-CUBE-AZRTOS-H7.3.2.0
2024-04-13 07:41:28,836 [WARN] PackLoader:240 - Cannot read IP mode file for Infineon.AIROC-Wi-Fi-Bluetooth-STM32.1.6.0
2024-04-13 07:41:28,842 [INFO] ThirdParty:978 - Integrity check success = true
2024-04-13 07:41:28,842 [INFO] IntegrityCheckThread:100 - exiting critical section [integrity check]
2024-04-13 07:41:28,842 [INFO] IntegrityCheckThread:103 - End integrity checks thread
2024-04-13 07:41:29,347 [INFO] WebApp:779 - Register for checkConnection events
2024-04-13 07:41:29,347 [INFO] WebApp:414 - Apply proxy settings
2024-04-13 07:41:29,348 [INFO] WebApp:499 - Chromium requires no authentication
2024-04-13 07:41:29,359 [INFO] WebApp:442 - Direct internet connection detected
2024-04-13 07:41:29,570 [INFO] WebApp:192 - Starting web application
2024-04-13 07:41:29,570 [INFO] WebApp:544 - Web application path used /opt/st/stm32cubeide_1.15.0/plugins/com.st.stm32cube.common.mx_6.11.0.202403141607/db/plugins/mcufinder/reactClient1/index.html
