2024-04-25 21:33:03,840 [INFO] Activator:176 - 


2024-04-25 21:33:03,845 [INFO] Activator:177 - !SESSION log4j initialized
2024-04-25 21:33:12,106 [INFO] LogOutputStream:77 - [STDOUT_REDIRECT] 
2024-04-25 21:33:15,214 [INFO] ApplicationProperties:184 - Using Application install path: /opt/st/stm32cubeide_1.15.0/plugins/com.st.stm32cube.common.mx_6.11.0.202403141607
2024-04-25 21:33:15,273 [INFO] DbMcusXml:78 - Set database path to: /opt/st/stm32cubeide_1.15.0/plugins/com.st.stm32cube.common.mx_6.11.0.202403141607//db//mcu/
2024-04-25 21:33:15,273 [INFO] ApiDb:274 - Set plugin database path to: /opt/st/stm32cubeide_1.15.0/plugins/com.st.stm32cube.common.mx_6.11.0.202403141607//db//plugins/boardmanager/
2024-04-25 21:33:15,274 [WARN] ApiDb:259 - Overriding images path with different value:  => /opt/st/stm32cubeide_1.15.0/plugins/com.st.stm32cube.common.mx_6.11.0.202403141607//db//plugins/mcufinder/images/
2024-04-25 21:33:15,310 [INFO] ApiDb:250 - Set database path to: /home/ubie/.stmcufinder/plugins/mcufinder//mcu/
2024-04-25 21:33:15,313 [INFO] DbMcusAds:125 - Set database path to: /home/ubie/.stmcufinder/plugins/mcufinder//mcu/
2024-04-25 21:33:15,337 [INFO] CrossReferenceDbSqlite:203 - Set database path to: /home/ubie/.stmcufinder/plugins/mcufinder//mcu/cs/
2024-04-25 21:33:16,035 [INFO] RulesReader:64 - Compatibility file has been processed (297 Rules)
2024-04-25 21:33:16,364 [INFO] DbMcusXml:78 - Set database path to: /opt/st/stm32cubeide_1.15.0/plugins/com.st.stm32cube.common.mx_6.11.0.202403141607//db//mcu/
2024-04-25 21:33:16,364 [INFO] ApiDb:274 - Set plugin database path to: /opt/st/stm32cubeide_1.15.0/plugins/com.st.stm32cube.common.mx_6.11.0.202403141607//db//plugins/boardmanager/
2024-04-25 21:33:16,364 [INFO] ApiDb:261 - Set plugin images path to: /opt/st/stm32cubeide_1.15.0/plugins/com.st.stm32cube.common.mx_6.11.0.202403141607//db//plugins/mcufinder/images/
2024-04-25 21:33:16,365 [WARN] DbFile:41 - Overriding database path with different value: /home/ubie/.stmcufinder/plugins/mcufinder/ => /home/ubie/.stmcufinder/plugins/mcufinder
2024-04-25 21:33:16,365 [INFO] ApiDb:250 - Set database path to: /home/ubie/.stmcufinder/plugins/mcufinder//mcu/
2024-04-25 21:33:16,365 [WARN] DbFile:41 - Overriding database path with different value: /home/ubie/.stmcufinder/plugins/mcufinder/ => /home/ubie/.stmcufinder/plugins/mcufinder
2024-04-25 21:33:16,365 [INFO] DbMcusAds:125 - Set database path to: /home/ubie/.stmcufinder/plugins/mcufinder//mcu/
2024-04-25 21:33:16,365 [WARN] DbFile:41 - Overriding database path with different value: /home/ubie/.stmcufinder/plugins/mcufinder/ => /home/ubie/.stmcufinder/plugins/mcufinder
2024-04-25 21:33:16,366 [WARN] DbFile:41 - Overriding database path with different value: /home/ubie/.stmcufinder/plugins/mcufinder/ => /home/ubie/.stmcufinder/plugins/mcufinder
2024-04-25 21:33:16,366 [INFO] CrossReferenceDbSqlite:203 - Set database path to: /home/ubie/.stmcufinder/plugins/mcufinder//mcu/cs/
2024-04-25 21:33:16,700 [INFO] MainPanel:264 - HeapMemory: 268435456
2024-04-25 21:33:17,066 [INFO] DbMcusXml:78 - Set database path to: /opt/st/stm32cubeide_1.15.0/plugins/com.st.stm32cube.common.mx_6.11.0.202403141607//db//mcu/
2024-04-25 21:33:17,066 [INFO] ApiDb:274 - Set plugin database path to: /opt/st/stm32cubeide_1.15.0/plugins/com.st.stm32cube.common.mx_6.11.0.202403141607//db//plugins/boardmanager/
2024-04-25 21:33:17,066 [INFO] ApiDb:261 - Set plugin images path to: /opt/st/stm32cubeide_1.15.0/plugins/com.st.stm32cube.common.mx_6.11.0.202403141607//db//plugins/mcufinder/images/
2024-04-25 21:33:17,067 [WARN] DbFile:41 - Overriding database path with different value: /home/ubie/.stmcufinder/plugins/mcufinder/ => /home/ubie/.stmcufinder/plugins/mcufinder
2024-04-25 21:33:17,067 [INFO] ApiDb:250 - Set database path to: /home/ubie/.stmcufinder/plugins/mcufinder//mcu/
2024-04-25 21:33:17,067 [WARN] DbFile:41 - Overriding database path with different value: /home/ubie/.stmcufinder/plugins/mcufinder/ => /home/ubie/.stmcufinder/plugins/mcufinder
2024-04-25 21:33:17,068 [INFO] DbMcusAds:125 - Set database path to: /home/ubie/.stmcufinder/plugins/mcufinder//mcu/
2024-04-25 21:33:17,068 [WARN] DbFile:41 - Overriding database path with different value: /home/ubie/.stmcufinder/plugins/mcufinder/ => /home/ubie/.stmcufinder/plugins/mcufinder
2024-04-25 21:33:17,068 [WARN] DbFile:41 - Overriding database path with different value: /home/ubie/.stmcufinder/plugins/mcufinder/ => /home/ubie/.stmcufinder/plugins/mcufinder
2024-04-25 21:33:17,068 [INFO] CrossReferenceDbSqlite:203 - Set database path to: /home/ubie/.stmcufinder/plugins/mcufinder//mcu/cs/
2024-04-25 21:33:17,157 [INFO] ApplicationProperties:184 - Using Application install path: /opt/st/stm32cubeide_1.15.0/plugins/com.st.stm32cube.common.mx_6.11.0.202403141607
2024-04-25 21:33:17,160 [INFO] PluginManage:196 - Search for loadable plugins [exclusion list=, ]
2024-04-25 21:33:17,172 [INFO] PluginManage:310 - Check plugin analytics
2024-04-25 21:33:17,661 [INFO] AnalyticsPlugin:253 - Accepted Software Licenses: 
2024-04-25 21:33:17,662 [INFO] AnalyticsPlugin:255 - Accepted CMSIS Pack Licenses: 
2024-04-25 21:33:17,662 [INFO] AnalyticsPlugin:257 - Accepted Firmware Licenses: 
2024-04-25 21:33:17,665 [INFO] PluginManage:359 - Loaded plugin analytics (category:tool,tabindex:-1)
2024-04-25 21:33:17,665 [INFO] PluginManage:310 - Check plugin cadmodel
2024-04-25 21:33:18,075 [INFO] CADModel:105 - Init CAD model plugin
2024-04-25 21:33:18,075 [INFO] PluginManage:359 - Loaded plugin cadmodel (category:power,tabindex:5)
2024-04-25 21:33:18,076 [INFO] PluginManage:310 - Check plugin clock
2024-04-25 21:33:18,091 [INFO] PluginManage:359 - Loaded plugin clock (category:base,tabindex:2)
2024-04-25 21:33:18,092 [INFO] PluginManage:310 - Check plugin ddr
2024-04-25 21:33:18,094 [INFO] PluginManage:359 - Loaded plugin ddr (category:tool,tabindex:6)
2024-04-25 21:33:18,095 [INFO] PluginManage:310 - Check plugin filemanager
2024-04-25 21:33:18,251 [INFO] PluginManage:359 - Loaded plugin filemanager (category:base,tabindex:10)
2024-04-25 21:33:18,252 [INFO] PluginManage:310 - Check plugin ipmanager
2024-04-25 21:33:18,256 [INFO] PluginManage:359 - Loaded plugin ipmanager (category:base,tabindex:5)
2024-04-25 21:33:18,257 [INFO] PluginManage:310 - Check plugin lpbam
2024-04-25 21:33:18,268 [INFO] PluginManage:359 - Loaded plugin lpbam (category:base,tabindex:0)
2024-04-25 21:33:18,268 [INFO] PluginManage:310 - Check plugin memorymap
2024-04-25 21:33:18,279 [INFO] PluginManage:359 - Loaded plugin memorymap (category:base,tabindex:4)
2024-04-25 21:33:18,279 [INFO] PluginManage:310 - Check plugin pinoutandconfiguration
2024-04-25 21:33:18,287 [INFO] PluginManage:359 - Loaded plugin pinoutandconfiguration (category:base,tabindex:1)
2024-04-25 21:33:18,287 [INFO] PluginManage:310 - Check plugin pinoutconfig
2024-04-25 21:33:18,398 [WARN] SupportedApi:132 - Cannot load RTOS API schema: s4s-elt-must-match.1: The content of 'definitions' must match (annotation?, (simpleType | complexType)?, (unique | key | keyref)*)). A problem was found starting at: attribute.
2024-04-25 21:33:18,569 [INFO] PluginManage:359 - Loaded plugin pinoutconfig (category:base,tabindex:0)
2024-04-25 21:33:18,569 [INFO] PluginManage:310 - Check plugin power
2024-04-25 21:33:18,585 [INFO] PluginManage:359 - Loaded plugin power (category:power,tabindex:4)
2024-04-25 21:33:18,585 [INFO] PluginManage:310 - Check plugin projectmanager
2024-04-25 21:33:18,606 [INFO] PluginManage:359 - Loaded plugin projectmanager (category:projectmanager,tabindex:3)
2024-04-25 21:33:18,606 [INFO] PluginManage:310 - Check plugin thirdparty
2024-04-25 21:33:18,790 [INFO] PluginManage:359 - Loaded plugin thirdparty (category:base,tabindex:-1)
2024-04-25 21:33:18,791 [INFO] PluginManage:310 - Check plugin tools
2024-04-25 21:33:18,791 [WARN] IntegrityCheckThread:84 - waiting for thirdparty lock release [integrity check]
2024-04-25 21:33:18,791 [INFO] IntegrityCheckThread:86 - entering critical section [integrity check]
2024-04-25 21:33:18,792 [INFO] ThirdPartyUpdaterWithRetryManager:70 - Updater plugin not ready yet. [1/15]
2024-04-25 21:33:18,795 [INFO] PluginManage:359 - Loaded plugin tools (category:base,tabindex:7)
2024-04-25 21:33:18,795 [INFO] PluginManage:310 - Check plugin tutovideos
2024-04-25 21:33:19,193 [INFO] PluginManage:359 - Loaded plugin tutovideos (category:base,tabindex:-1)
2024-04-25 21:33:19,194 [INFO] PluginManage:310 - Check plugin updater
2024-04-25 21:33:19,219 [INFO] PluginManage:359 - Loaded plugin updater (category:base,tabindex:12)
2024-04-25 21:33:19,220 [INFO] PluginManage:310 - Check plugin userauth
2024-04-25 21:33:19,238 [INFO] UserAuth:114 - Init User Auth plugin
2024-04-25 21:33:19,239 [INFO] PluginManage:359 - Loaded plugin userauth (category:base,tabindex:14)
2024-04-25 21:33:19,239 [INFO] PluginManage:283 - PluginManage : Loaded plugins [17]
2024-04-25 21:33:19,883 [INFO] PinOutPanel:1561 - setPackage(No Configuration,No Configuration)
2024-04-25 21:33:20,097 [INFO] CADModel:165 - CPN selected for project level
2024-04-25 21:33:20,098 [INFO] CADModel:114 - Register for checkConnection events
2024-04-25 21:33:20,126 [INFO] IPUIPlugin:80 - create IPUIPlugin
2024-04-25 21:33:20,127 [INFO] PluginManager:220 - loadIPPluginJar : add comp
2024-04-25 21:33:20,136 [INFO] IPUIPlugin:80 - create IPUIPlugin
2024-04-25 21:33:20,136 [INFO] PluginManager:220 - loadIPPluginJar : add touchsensing
2024-04-25 21:33:20,149 [INFO] IPUIPlugin:80 - create IPUIPlugin
2024-04-25 21:33:20,149 [INFO] PluginManager:220 - loadIPPluginJar : add dfsdm
2024-04-25 21:33:20,157 [INFO] IPUIPlugin:80 - create IPUIPlugin
2024-04-25 21:33:20,158 [INFO] PluginManager:220 - loadIPPluginJar : add dma
2024-04-25 21:33:20,164 [INFO] IPUIPlugin:80 - create IPUIPlugin
2024-04-25 21:33:20,164 [INFO] PluginManager:220 - loadIPPluginJar : add gtzc
2024-04-25 21:33:20,171 [INFO] IPUIPlugin:80 - create IPUIPlugin
2024-04-25 21:33:20,172 [INFO] PluginManager:220 - loadIPPluginJar : add nvic
2024-04-25 21:33:20,179 [INFO] IPUIPlugin:80 - create IPUIPlugin
2024-04-25 21:33:20,179 [INFO] PluginManager:220 - loadIPPluginJar : add pdm2pcm
2024-04-25 21:33:20,186 [INFO] IPUIPlugin:80 - create IPUIPlugin
2024-04-25 21:33:20,187 [INFO] PluginManager:220 - loadIPPluginJar : add freertos
2024-04-25 21:33:20,192 [INFO] IPUIPlugin:80 - create IPUIPlugin
2024-04-25 21:33:20,192 [INFO] PluginManager:220 - loadIPPluginJar : add extmemmanager
2024-04-25 21:33:20,206 [INFO] IPUIPlugin:80 - create IPUIPlugin
2024-04-25 21:33:20,218 [INFO] PluginManager:220 - loadIPPluginJar : add plateformsettings
2024-04-25 21:33:20,249 [INFO] IPUIPlugin:80 - create IPUIPlugin
2024-04-25 21:33:20,249 [INFO] PluginManager:220 - loadIPPluginJar : add adc
2024-04-25 21:33:20,254 [INFO] IPUIPlugin:80 - create IPUIPlugin
2024-04-25 21:33:20,255 [INFO] PluginManager:220 - loadIPPluginJar : add openamp
2024-04-25 21:33:20,267 [INFO] IPUIPlugin:80 - create IPUIPlugin
2024-04-25 21:33:20,267 [INFO] PluginManager:220 - loadIPPluginJar : add can
2024-04-25 21:33:20,274 [INFO] IPUIPlugin:80 - create IPUIPlugin
2024-04-25 21:33:20,274 [INFO] PluginManager:220 - loadIPPluginJar : add lorawan
2024-04-25 21:33:20,280 [INFO] IPUIPlugin:80 - create IPUIPlugin
2024-04-25 21:33:20,280 [INFO] PluginManager:220 - loadIPPluginJar : add aes
2024-04-25 21:33:20,284 [INFO] IPUIPlugin:80 - create IPUIPlugin
2024-04-25 21:33:20,285 [INFO] PluginManager:220 - loadIPPluginJar : add sai
2024-04-25 21:33:20,288 [INFO] IPUIPlugin:80 - create IPUIPlugin
2024-04-25 21:33:20,288 [INFO] PluginManager:220 - loadIPPluginJar : add usbx
2024-04-25 21:33:20,293 [INFO] IPUIPlugin:80 - create IPUIPlugin
2024-04-25 21:33:20,293 [INFO] PluginManager:220 - loadIPPluginJar : add hash
2024-04-25 21:33:20,297 [INFO] IPUIPlugin:80 - create IPUIPlugin
2024-04-25 21:33:20,297 [INFO] PluginManager:220 - loadIPPluginJar : add gfxmmu
2024-04-25 21:33:20,305 [INFO] IPUIPlugin:80 - create IPUIPlugin
2024-04-25 21:33:20,305 [INFO] PluginManager:220 - loadIPPluginJar : add fmc
2024-04-25 21:33:20,314 [INFO] IPUIPlugin:80 - create IPUIPlugin
2024-04-25 21:33:20,314 [INFO] PluginManager:220 - loadIPPluginJar : add ucpd
2024-04-25 21:33:20,316 [INFO] IPUIPlugin:80 - create IPUIPlugin
2024-04-25 21:33:20,329 [INFO] PluginManager:220 - loadIPPluginJar : add ts
2024-04-25 21:33:20,330 [INFO] IPUIPlugin:80 - create IPUIPlugin
2024-04-25 21:33:20,331 [INFO] PluginManager:220 - loadIPPluginJar : add quadspi
2024-04-25 21:33:20,353 [INFO] IPUIPlugin:80 - create IPUIPlugin
2024-04-25 21:33:20,353 [INFO] PluginManager:220 - loadIPPluginJar : add mdma
2024-04-25 21:33:20,360 [INFO] IPUIPlugin:80 - create IPUIPlugin
2024-04-25 21:33:20,362 [INFO] PluginManager:220 - loadIPPluginJar : add i2s
2024-04-25 21:33:20,374 [INFO] IPUIPlugin:80 - create IPUIPlugin
2024-04-25 21:33:20,375 [INFO] PluginManager:220 - loadIPPluginJar : add linkedlist
2024-04-25 21:33:20,385 [INFO] IPUIPlugin:80 - create IPUIPlugin
2024-04-25 21:33:20,392 [INFO] PluginManager:220 - loadIPPluginJar : add tracer_emb
2024-04-25 21:33:20,401 [INFO] IPUIPlugin:80 - create IPUIPlugin
2024-04-25 21:33:20,401 [INFO] PluginManager:220 - loadIPPluginJar : add ipddr
2024-04-25 21:33:20,405 [INFO] IPUIPlugin:80 - create IPUIPlugin
2024-04-25 21:33:20,405 [INFO] PluginManager:220 - loadIPPluginJar : add dma3
2024-04-25 21:33:20,423 [INFO] IPUIPlugin:80 - create IPUIPlugin
2024-04-25 21:33:20,423 [INFO] PluginManager:220 - loadIPPluginJar : add spi
2024-04-25 21:33:20,431 [INFO] IPUIPlugin:80 - create IPUIPlugin
2024-04-25 21:33:20,431 [INFO] PluginManager:220 - loadIPPluginJar : add stm32_wpan
2024-04-25 21:33:20,436 [INFO] IPUIPlugin:80 - create IPUIPlugin
2024-04-25 21:33:20,438 [INFO] PluginManager:220 - loadIPPluginJar : add i3c
2024-04-25 21:33:20,444 [INFO] IPUIPlugin:80 - create IPUIPlugin
2024-04-25 21:33:20,445 [INFO] PluginManager:220 - loadIPPluginJar : add opamp
2024-04-25 21:33:20,458 [INFO] IPUIPlugin:80 - create IPUIPlugin
2024-04-25 21:33:20,458 [INFO] PluginManager:220 - loadIPPluginJar : add gpio
2024-04-25 21:33:20,464 [INFO] IPUIPlugin:80 - create IPUIPlugin
2024-04-25 21:33:20,464 [INFO] PluginManager:220 - loadIPPluginJar : add cryp
2024-04-25 21:33:20,467 [INFO] IPUIPlugin:80 - create IPUIPlugin
2024-04-25 21:33:20,467 [INFO] PluginManager:220 - loadIPPluginJar : add tsc
2024-04-25 21:33:20,480 [INFO] IPUIPlugin:80 - create IPUIPlugin
2024-04-25 21:33:20,482 [INFO] PluginManager:220 - loadIPPluginJar : add gic
2024-04-25 21:33:20,489 [INFO] IPUIPlugin:80 - create IPUIPlugin
2024-04-25 21:33:20,489 [INFO] PluginManager:220 - loadIPPluginJar : add i2c
2024-04-25 21:33:20,492 [INFO] IPUIPlugin:80 - create IPUIPlugin
2024-04-25 21:33:20,493 [INFO] PluginManager:220 - loadIPPluginJar : add tim
2024-04-25 21:33:20,502 [INFO] IPUIPlugin:80 - create IPUIPlugin
2024-04-25 21:33:20,502 [INFO] PluginManager:220 - loadIPPluginJar : add fatfs
2024-04-25 21:33:20,509 [INFO] IPUIPlugin:80 - create IPUIPlugin
2024-04-25 21:33:20,509 [INFO] PluginManager:220 - loadIPPluginJar : add usart
2024-04-25 21:33:20,512 [INFO] IPUIPlugin:80 - create IPUIPlugin
2024-04-25 21:33:20,512 [INFO] PluginManager:220 - loadIPPluginJar : add ltdc
2024-04-25 21:33:20,514 [INFO] IPUIPlugin:80 - create IPUIPlugin
2024-04-25 21:33:20,514 [INFO] PluginManager:220 - loadIPPluginJar : add genericplugin
2024-04-25 21:33:20,527 [INFO] IPUIPlugin:80 - create IPUIPlugin
2024-04-25 21:33:20,527 [INFO] PluginManager:220 - loadIPPluginJar : add resmgrutility
2024-04-25 21:33:20,704 [INFO] CADModel:165 - CPN selected for project level
2024-04-25 21:33:20,704 [INFO] CADModel:114 - Register for checkConnection events
2024-04-25 21:33:20,705 [FATAL] Updater:308 - Updater called before beeing initialized
2024-04-25 21:33:20,705 [ERROR] CADModel:125 - Updater not yet initialized, retry later 
2024-04-25 21:33:20,898 [INFO] CADModel:165 - CPN selected for project level
2024-04-25 21:33:20,898 [INFO] CADModel:114 - Register for checkConnection events
2024-04-25 21:33:20,898 [FATAL] Updater:308 - Updater called before beeing initialized
2024-04-25 21:33:20,898 [ERROR] CADModel:125 - Updater not yet initialized, retry later 
2024-04-25 21:33:20,903 [FATAL] Updater:308 - Updater called before beeing initialized
2024-04-25 21:33:21,066 [FATAL] Updater:308 - Updater called before beeing initialized
2024-04-25 21:33:21,071 [INFO] DbMcusAds:53 - JSON generation date=Wed Nov 29 16:22:27 IST 2023 (1701255147349)
2024-04-25 21:33:21,071 [FATAL] Updater:308 - Updater called before beeing initialized
2024-04-25 21:33:21,138 [WARN] DetailPanel:346 - Failed to get advertising image, set to default
2024-04-25 21:33:21,252 [FATAL] Updater:308 - Updater called before beeing initialized
2024-04-25 21:33:21,253 [FATAL] Updater:308 - Updater called before beeing initialized
2024-04-25 21:33:21,253 [FATAL] Updater:308 - Updater called before beeing initialized
2024-04-25 21:33:21,253 [WARN] DetailPanel:346 - Failed to get advertising image, set to default
2024-04-25 21:33:21,254 [FATAL] Updater:308 - Updater called before beeing initialized
2024-04-25 21:33:21,304 [ERROR] Updater:1120 - MainUpdater not yet initialized. External WinMGr cannot be set.
2024-04-25 21:33:21,307 [INFO] Updater:1056 - Updater Version found : 6.11.0
2024-04-25 21:33:21,332 [INFO] ApplicationProperties:184 - Using Application install path: /opt/st/stm32cubeide_1.15.0/plugins/com.st.stm32cube.common.mx_6.11.0.202403141607
2024-04-25 21:33:21,792 [INFO] ThirdPartyUpdaterWithRetryManager:70 - Updater plugin not ready yet. [2/15]
2024-04-25 21:33:21,897 [INFO] MainUpdater:2873 - connection check result : 10
2024-04-25 21:33:21,898 [INFO] MainUpdater:3567 - Updater definition file requires update
2024-04-25 21:33:21,899 [INFO] MainUpdater:290 - Updater Check For Update Now.
2024-04-25 21:33:21,899 [INFO] MicroXplorer:498 - Change Database Version : DB.6.0.110
2024-04-25 21:33:21,906 [INFO] McuFinderGlobals:63 - Set McuFinder mode to 2 (CubeIDE integrated)
2024-04-25 21:33:21,906 [INFO] UserAuth:179 - activating auth plugin
2024-04-25 21:33:21,914 [INFO] UserAuth:415 - Internet connection configuration mode: 1
2024-04-25 21:33:21,928 [INFO] JxBrowserEngine:152 - Initiate JxBrowser Engine with user profile folder
2024-04-25 21:33:21,932 [INFO] ServerAccessManage:473 - Download File updaters.zip
2024-04-25 21:33:22,114 [INFO] FileExtend:240 - Unzip File : updaters.zip
2024-04-25 21:33:22,115 [INFO] FileExtend:255 - Standard Zip Deflate
2024-04-25 21:33:23,720 [INFO] WebApp:161 - Instantiating new browser for Auth
2024-04-25 21:33:24,416 [INFO] WebApp:779 - Register for checkConnection events
2024-04-25 21:33:24,417 [INFO] WebApp:414 - Apply proxy settings
2024-04-25 21:33:24,417 [INFO] WebApp:499 - Chromium requires no authentication
2024-04-25 21:33:24,423 [INFO] WebApp:442 - Direct internet connection detected
2024-04-25 21:33:24,633 [INFO] WebApp:192 - Starting web application
2024-04-25 21:33:24,633 [INFO] WebApp:544 - Web application path used /opt/st/stm32cubeide_1.15.0/plugins/com.st.stm32cube.common.mx_6.11.0.202403141607/db/plugins/mcufinder/reactClient1/index.html
2024-04-25 21:33:24,794 [WARN] MainUpdater:1194 - Updater busy. Cannot search thirdparties
2024-04-25 21:33:24,794 [INFO] ThirdPartyUpdaterWithRetryManager:96 - Updater plugin is busy. [1/15]
2024-04-25 21:33:25,001 [INFO] ServerAccessManage:473 - Download File PacksControlFlags.xml
2024-04-25 21:33:25,157 [INFO] ServerAccessManage:473 - Download File cubemx.pidx
2024-04-25 21:33:25,953 [INFO] ServerAccessManage:473 - Download File STMicroelectronics.FP-SNS-MOTENVWB1.pdsc
2024-04-25 21:33:26,254 [INFO] ServerAccessManage:473 - Download File STMicroelectronics.X-CUBE-AI.pdsc
2024-04-25 21:33:27,328 [INFO] ServerAccessManage:473 - Download File STMicroelectronics.X-CUBE-FREERTOS.pdsc
2024-04-25 21:33:27,795 [WARN] MainUpdater:1194 - Updater busy. Cannot search thirdparties
2024-04-25 21:33:27,795 [INFO] ThirdPartyUpdaterWithRetryManager:96 - Updater plugin is busy. [2/15]
2024-04-25 21:33:28,110 [INFO] ServerAccessManage:473 - Download File STMicroelectronics.X-CUBE-AZRTOS-H7RS.pdsc
2024-04-25 21:33:28,804 [WARN] PackLoader:240 - Cannot read IP mode file for STMicroelectronics.FP-SNS-MOTENVWB1.1.4.0
2024-04-25 21:33:28,834 [WARN] PackLoader:240 - Cannot read IP mode file for STMicroelectronics.X-CUBE-AI.9.0.0
2024-04-25 21:33:28,856 [WARN] PackLoader:240 - Cannot read IP mode file for STMicroelectronics.X-CUBE-FREERTOS.1.2.0
2024-04-25 21:33:28,918 [WARN] PackLoader:240 - Cannot read IP mode file for STMicroelectronics.X-CUBE-AZRTOS-H7RS.1.0.0
2024-04-25 21:33:28,927 [INFO] PopulateThirdPartyThread:66 - Ending populate Thread
2024-04-25 21:33:28,933 [INFO] ThirdParty:1030 - CMSIS Pack Vendor :STMicroelectronics X-CUBE-FREERTOS 1.2.0
2024-04-25 21:33:28,934 [INFO] ThirdParty:1030 - CMSIS Pack Vendor :STMicroelectronics FP-SNS-MOTENVWB1 1.4.0
2024-04-25 21:33:28,934 [INFO] ThirdParty:1030 - CMSIS Pack Vendor :STMicroelectronics X-CUBE-AI 9.0.0
2024-04-25 21:33:28,934 [INFO] ThirdParty:1030 - CMSIS Pack Vendor :STMicroelectronics X-CUBE-AZRTOS-H7RS 1.0.0
2024-04-25 21:33:28,934 [INFO] LoadServerUpdatesThread:375 - End of LoadServerUpdate Thread
2024-04-25 21:33:29,035 [INFO] CheckServerUpdateThread:120 - End of CheckServer Thread
2024-04-25 21:33:30,993 [WARN] PackLoader:240 - Cannot read IP mode file for STMicroelectronics.FP-SNS-MOTENVWB1.1.4.0
2024-04-25 21:33:31,004 [WARN] PackLoader:240 - Cannot read IP mode file for STMicroelectronics.X-CUBE-SMBUS.2.1.0
2024-04-25 21:33:31,006 [WARN] PackLoader:240 - Cannot read IP mode file for STMicroelectronics.X-CUBE-TOUCHGFX.4.23.2
2024-04-25 21:33:31,040 [WARN] PackLoader:240 - Cannot read IP mode file for STMicroelectronics.X-CUBE-AZRTOS-F7.1.1.0
2024-04-25 21:33:31,054 [WARN] PackLoader:240 - Cannot read IP mode file for STMicroelectronics.FP-SNS-MOTENV1.4.3.2
2024-04-25 21:33:31,063 [WARN] PackLoader:240 - Cannot read IP mode file for STMicroelectronics.FP-SNS-FLIGHT1.5.0.2
2024-04-25 21:33:31,073 [WARN] PackLoader:240 - Cannot read IP mode file for STMicroelectronics.X-CUBE-DISPLAY.3.0.0
2024-04-25 21:33:31,089 [WARN] PackLoader:240 - Cannot read IP mode file for STMicroelectronics.X-CUBE-BLE1.7.0.0
2024-04-25 21:33:31,095 [WARN] PackLoader:240 - Cannot read IP mode file for emotas.I-CUBE-CANOPEN.1.3.0
2024-04-25 21:33:31,110 [WARN] PackLoader:240 - Cannot read IP mode file for STMicroelectronics.X-CUBE-BLEMGR.3.1.0
2024-04-25 21:33:31,120 [WARN] PackLoader:240 - Cannot read IP mode file for STMicroelectronics.FP-SNS-SMARTAG2.1.2.0
2024-04-25 21:33:31,133 [INFO] LogOutputStream:77 - [STDOUT_REDIRECT] 1 : Invalid condition id : UX_CORESTACK_Condition cause : null
2024-04-25 21:33:31,134 [INFO] LogOutputStream:77 - [STDOUT_REDIRECT] 1 : Invalid condition id : UX_CORESTACK_Condition cause : null
2024-04-25 21:33:31,135 [INFO] LogOutputStream:77 - [STDOUT_REDIRECT] 1 : Invalid condition id : UX_CORESTACK_Condition cause : null
2024-04-25 21:33:31,135 [INFO] LogOutputStream:77 - [STDOUT_REDIRECT] 1 : Invalid condition id : UX_CORESTACK_Condition cause : null
2024-04-25 21:33:31,136 [INFO] LogOutputStream:77 - [STDOUT_REDIRECT] 1 : Invalid condition id : UX_CORESTACK_Condition cause : null
2024-04-25 21:33:31,141 [WARN] PackLoader:240 - Cannot read IP mode file for STMicroelectronics.X-CUBE-AZRTOS-WL.2.0.0
2024-04-25 21:33:31,149 [WARN] PackLoader:240 - Cannot read IP mode file for STMicroelectronics.FP-SNS-MOTENV1.5.0.0
2024-04-25 21:33:31,157 [WARN] PackLoader:240 - Cannot read IP mode file for WES.I-CUBE-Cesium.1.3.0
2024-04-25 21:33:31,162 [WARN] PackLoader:240 - Cannot read IP mode file for STMicroelectronics.X-CUBE-BLE2.3.3.0
2024-04-25 21:33:31,167 [WARN] PackLoader:240 - Cannot read IP mode file for STMicroelectronics.X-CUBE-TCPP.4.1.0
2024-04-25 21:33:31,175 [WARN] PackLoader:240 - Cannot read IP mode file for STMicroelectronics.X-CUBE-ALGOBUILD.1.3.0
2024-04-25 21:33:31,199 [WARN] PackLoader:240 - Cannot read IP mode file for STMicroelectronics.X-CUBE-AZRTOS-G0.1.1.0
2024-04-25 21:33:31,209 [WARN] PackLoader:240 - Cannot read IP mode file for STMicroelectronics.X-CUBE-SAFEA1.1.2.2
2024-04-25 21:33:31,215 [WARN] PackLoader:240 - Cannot read IP mode file for STMicroelectronics.X-CUBE-NFC4.3.0.0
2024-04-25 21:33:31,223 [WARN] PackLoader:240 - Cannot read IP mode file for wolfSSL.I-CUBE-wolfSSL.5.7.0
2024-04-25 21:33:31,227 [WARN] PackLoader:240 - Cannot read IP mode file for STMicroelectronics.FP-ATR-SIGFOX1.3.2.0
2024-04-25 21:33:31,234 [WARN] PackLoader:240 - Cannot read IP mode file for STMicroelectronics.X-CUBE-EEPRMA1.5.1.0
2024-04-25 21:33:31,240 [WARN] PackLoader:240 - Cannot read IP mode file for ITTIA_DB.I-CUBE-ITTIADB.8.9.0
2024-04-25 21:33:31,279 [WARN] PackLoader:240 - Cannot read IP mode file for SEGGER.I-CUBE-embOS.1.3.1
2024-04-25 21:33:31,349 [WARN] PackLoader:240 - Cannot read IP mode file for STMicroelectronics.X-CUBE-GNSS1.6.0.0
2024-04-25 21:33:31,373 [WARN] PackLoader:240 - Cannot read IP mode file for STMicroelectronics.X-CUBE-AZRTOS-F4.1.1.0
2024-04-25 21:33:31,382 [WARN] PackLoader:240 - Cannot read IP mode file for STMicroelectronics.X-CUBE-FREERTOS.1.2.0
2024-04-25 21:33:31,405 [WARN] PackLoader:240 - Cannot read IP mode file for STMicroelectronics.X-CUBE-AZRTOS-L5.2.0.0
2024-04-25 21:33:31,430 [WARN] PackLoader:240 - Cannot read IP mode file for STMicroelectronics.X-CUBE-NFC6.3.1.0
2024-04-25 21:33:31,439 [WARN] PackLoader:240 - Cannot read IP mode file for STMicroelectronics.X-CUBE-AI.9.0.0
2024-04-25 21:33:31,447 [WARN] PackLoader:240 - Cannot read IP mode file for STMicroelectronics.X-CUBE-NFC7.1.0.1
2024-04-25 21:33:31,452 [WARN] PackLoader:240 - Cannot read IP mode file for STMicroelectronics.X-CUBE-AI.8.1.0
2024-04-25 21:33:31,477 [WARN] ConditionMgr:438 - getConditionDescription Invalid condition id : LAN8742 Phy interface Condition cause : null
2024-04-25 21:33:31,478 [WARN] PackLoader:240 - Cannot read IP mode file for STMicroelectronics.X-CUBE-AZRTOS-L4.2.0.0
2024-04-25 21:33:31,480 [WARN] ConditionMgr:1039 - genDependencies : Invalid condition id : LAN8742 Phy interface Condition cause : null
2024-04-25 21:33:31,481 [WARN] ConditionMgr:1039 - genDependencies : Invalid condition id : LAN8742 Phy interface Condition cause : null
2024-04-25 21:33:31,481 [WARN] ConditionMgr:1039 - genDependencies : Invalid condition id : LAN8742 Phy interface Condition cause : null
2024-04-25 21:33:31,499 [WARN] PackLoader:240 - Cannot read IP mode file for STMicroelectronics.X-CUBE-SFXS2LP1.4.0.0
2024-04-25 21:33:31,515 [WARN] ConditionMgr:438 - getConditionDescription Invalid condition id : UX DEVICE CLASS RTOS Condition cause : null
2024-04-25 21:33:31,515 [WARN] ConditionMgr:438 - getConditionDescription Invalid condition id : UX DEVICE CLASS RTOS Condition cause : null
2024-04-25 21:33:31,518 [WARN] PackLoader:240 - Cannot read IP mode file for STMicroelectronics.X-CUBE-AZRTOS-WB.2.0.0
2024-04-25 21:33:31,519 [WARN] ConditionMgr:1039 - genDependencies : Invalid condition id : UX DEVICE CLASS RTOS Condition cause : null
2024-04-25 21:33:31,519 [WARN] ConditionMgr:1039 - genDependencies : Invalid condition id : UX DEVICE CLASS RTOS Condition cause : null
2024-04-25 21:33:31,519 [WARN] ConditionMgr:1039 - genDependencies : Invalid condition id : UX DEVICE CLASS RTOS Condition cause : null
2024-04-25 21:33:31,520 [WARN] ConditionMgr:1039 - genDependencies : Invalid condition id : UX DEVICE CLASS RTOS Condition cause : null
2024-04-25 21:33:31,520 [WARN] ConditionMgr:1039 - genDependencies : Invalid condition id : UX DEVICE CLASS RTOS Condition cause : null
2024-04-25 21:33:31,537 [WARN] PackLoader:240 - Cannot read IP mode file for STMicroelectronics.X-CUBE-SUBG2.5.0.0
2024-04-25 21:33:31,566 [WARN] PackLoader:240 - Cannot read IP mode file for STMicroelectronics.X-CUBE-AZRTOS-G4.2.0.0
2024-04-25 21:33:31,572 [WARN] PackLoader:240 - Cannot read IP mode file for STMicroelectronics.FP-SNS-MOTENVWB1.1.3.1
2024-04-25 21:33:31,577 [WARN] PackLoader:240 - Cannot read IP mode file for STMicroelectronics.X-CUBE-ISPU.2.0.0
2024-04-25 21:33:31,637 [WARN] PackLoader:240 - Cannot read IP mode file for STMicroelectronics.X-CUBE-MEMS1.10.0.0
2024-04-25 21:33:31,882 [WARN] PackLoader:240 - Cannot read IP mode file for STMicroelectronics.X-CUBE-FREERTOS.1.1.0
2024-04-25 21:33:31,888 [WARN] PackLoader:240 - Cannot read IP mode file for portGmbH.I-Cube-SoM-uGOAL.1.1.0
2024-04-25 21:33:31,892 [WARN] PackLoader:240 - Cannot read IP mode file for STMicroelectronics.X-CUBE-ALS.1.0.1
2024-04-25 21:33:31,916 [WARN] PackLoader:240 - Cannot read IP mode file for STMicroelectronics.X-CUBE-AZRTOS-H7RS.1.0.0
2024-04-25 21:33:31,924 [WARN] PackLoader:240 - Cannot read IP mode file for STMicroelectronics.FP-ATR-ASTRA1.2.0.0
2024-04-25 21:33:31,944 [WARN] PackLoader:240 - Cannot read IP mode file for STMicroelectronics.X-CUBE-TOF1.3.4.1
2024-04-25 21:33:31,989 [WARN] PackLoader:240 - Cannot read IP mode file for STMicroelectronics.X-CUBE-AZRTOS-H7.3.2.0
2024-04-25 21:33:32,010 [WARN] PackLoader:240 - Cannot read IP mode file for Infineon.AIROC-Wi-Fi-Bluetooth-STM32.1.6.0
2024-04-25 21:33:32,015 [INFO] ThirdParty:978 - Integrity check success = true
2024-04-25 21:33:32,015 [INFO] IntegrityCheckThread:100 - exiting critical section [integrity check]
2024-04-25 21:33:32,015 [INFO] IntegrityCheckThread:103 - End integrity checks thread
